#
# A fatal error has been detected by the Java Runtime Environment:
#
#  Internal Error (classFileParser.cpp:3470), pid=4292, tid=4324
#  Error: ShouldNotReachHere()
#
# JRE version: 7.0-b147
# Java VM: Java HotSpot(TM) Client VM (21.0-b17 mixed mode windows-x86 )
# Failed to write core dump. Minidumps are not enabled by default on client versions of Windows
#
# If you would like to submit a bug report, please visit:
#   http://bugreport.sun.com/bugreport/crash.jsp
#

---------------  T H R E A D  ---------------

Current thread (0x002aa000):  JavaThread "Unknown thread" [_thread_in_vm, id=4324, stack(0x005a0000,0x005f0000)]

Stack: [0x005a0000,0x005f0000],  sp=0x005ef340,  free space=316k
Native frames: (J=compiled Java code, j=interpreted, Vv=VM code, C=native code)
V  [jvm.dll+0x1630e1]
V  [jvm.dll+0x15dcfb]
V  [jvm.dll+0x18e37]
V  [jvm.dll+0x1a6a8]
V  [jvm.dll+0x2a42f]
V  [jvm.dll+0x2b818]
V  [jvm.dll+0x2bedb]
V  [jvm.dll+0x2bf2a]
V  [jvm.dll+0x2c07d]
V  [jvm.dll+0x2c15a]
V  [jvm.dll+0x2c3d7]
V  [jvm.dll+0x73cb1]
V  [jvm.dll+0x7406b]
V  [jvm.dll+0x121a7c]
V  [jvm.dll+0x14382a]
V  [jvm.dll+0xa2940]
C  [javaw.exe+0x1359]
C  [javaw.exe+0x1dc9]
C  [javaw.exe+0xa0cb]
C  [javaw.exe+0xa155]
C  [kernel32.dll+0x51174]  BaseThreadInitThunk+0x12
C  [ntdll.dll+0x5b3f5]  RtlInitializeExceptionChain+0x63
C  [ntdll.dll+0x5b3c8]  RtlInitializeExceptionChain+0x36


---------------  P R O C E S S  ---------------

Java Threads: ( => current thread )

Other Threads:

=>0x002aa000 (exited) JavaThread "Unknown thread" [_thread_in_vm, id=4324, stack(0x005a0000,0x005f0000)]

VM state:not at safepoint (not fully initialized)

VM Mutex/Monitor currently owned by a thread: None

Dynamic libraries:
0x00f40000 - 0x00f6f000 	C:\Program Files\Java\jre7\bin\javaw.exe
0x77cd0000 - 0x77e0c000 	C:\Windows\SYSTEM32\ntdll.dll
0x76670000 - 0x76744000 	C:\Windows\system32\kernel32.dll
0x760f0000 - 0x7613a000 	C:\Windows\system32\KERNELBASE.dll
0x775d0000 - 0x77670000 	C:\Windows\system32\ADVAPI32.dll
0x76400000 - 0x764ac000 	C:\Windows\system32\msvcrt.dll
0x773d0000 - 0x773e9000 	C:\Windows\SYSTEM32\sechost.dll
0x77670000 - 0x77711000 	C:\Windows\system32\RPCRT4.dll
0x77500000 - 0x775c9000 	C:\Windows\system32\USER32.dll
0x763b0000 - 0x763fe000 	C:\Windows\system32\GDI32.dll
0x77e30000 - 0x77e3a000 	C:\Windows\system32\LPK.dll
0x77950000 - 0x779ed000 	C:\Windows\system32\USP10.dll
0x74b30000 - 0x74cce000 	C:\Windows\WinSxS\x86_microsoft.windows.common-controls_6595b64144ccf1df_6.0.7600.16385_none_421189da2b7fabfc\COMCTL32.dll
0x76350000 - 0x763a7000 	C:\Windows\system32\SHLWAPI.dll
0x77e40000 - 0x77e5f000 	C:\Windows\system32\IMM32.DLL
0x76280000 - 0x7634c000 	C:\Windows\system32\MSCTF.dll
0x65870000 - 0x6592e000 	C:\Program Files\Java\jre7\bin\msvcr100.dll
0x643d0000 - 0x646f1000 	C:\Program Files\Java\jre7\bin\client\jvm.dll
0x70110000 - 0x70117000 	C:\Windows\system32\WSOCK32.dll
0x77470000 - 0x774a5000 	C:\Windows\system32\WS2_32.dll
0x77e10000 - 0x77e16000 	C:\Windows\system32\NSI.dll
0x73e20000 - 0x73e52000 	C:\Windows\system32\WINMM.dll
0x77e60000 - 0x77e65000 	C:\Windows\system32\PSAPI.DLL
0x70100000 - 0x7010c000 	C:\Program Files\Java\jre7\bin\verify.dll
0x65740000 - 0x65760000 	C:\Program Files\Java\jre7\bin\java.dll
0x65720000 - 0x65733000 	C:\Program Files\Java\jre7\bin\zip.dll

VM Arguments:
jvm_args: -Dfile.encoding=GBK -Xbootclasspath:C:\Program Files\Android\android-sdk\platforms\android-8\android.jar 
java_command: com.shunote.AppCache.Cache
Launcher Type: SUN_STANDARD

Environment Variables:
JAVA_HOME=D:\Java\jre7\
CLASSPATH=D:\Java\jre7\lib\;D:\JavaCC\bin\lib\;C:\Program Files\Java\jdk1.7.0\lib;
PATH=C:/Program Files/Java/jre7/bin/client;C:/Program Files/Java/jre7/bin;C:/Program Files/Java/jre7/lib/i386;C:\Windows\system32;C:\Windows;C:\Windows\System32\Wbem;C:\Windows\System32\WindowsPowerShell\v1.0\;D:\Java\jre7\bin\;C:\Program Files\Microsoft SQL Server\100\Tools\Binn\;C:\Program Files\Microsoft SQL Server\100\DTS\Binn\;D:\JavaCC\bin\;C:\Program Files\Java\jdk1.7.0\bin;C:\Program Files\Common Files\Adobe\AGL;C:\Program Files\Rational\common;C:\Program Files\Android\android-sdk\tools;C:\Program Files\Git\cmd;D:\EclipseForJavaEE\eclipse;
USERNAME=Jeffrey
OS=Windows_NT
PROCESSOR_IDENTIFIER=x86 Family 6 Model 23 Stepping 10, GenuineIntel



---------------  S Y S T E M  ---------------

OS: Windows 7 Build 7600 

CPU:total 2 (2 cores per cpu, 1 threads per core) family 6 model 23 stepping 10, cmov, cx8, fxsr, mmx, sse, sse2, sse3, ssse3

Memory: 4k page, physical 2095148k(416220k free), swap 4190296k(2103708k free)

vm_info: Java HotSpot(TM) Client VM (21.0-b17) for windows-x86 JRE (1.7.0-b147), built on Jun 27 2011 02:25:52 by "java_re" with unknown MS VC++:1600

time: Thu Apr 05 15:40:43 2012
elapsed time: 0 seconds

